0 info it worked if it ends with ok
1 verbose cli [ '/usr/bin/node', '/usr/bin/npm', 'run', 'json:server' ]
2 info using npm@3.5.2
3 info using node@v8.10.0
4 verbose run-script [ 'prejson:server', 'json:server', 'postjson:server' ]
5 info lifecycle jsonserver@1.0.0~prejson:server: jsonserver@1.0.0
6 silly lifecycle jsonserver@1.0.0~prejson:server: no script for prejson:server, continuing
7 info lifecycle jsonserver@1.0.0~json:server: jsonserver@1.0.0
8 verbose lifecycle jsonserver@1.0.0~json:server: unsafe-perm in lifecycle true
9 verbose lifecycle jsonserver@1.0.0~json:server: PATH: /usr/share/npm/bin/node-gyp-bin:/home/zack/Desktop/jsonserver/node_modules/.bin:/home/zack/gems/bin:/home/zack/flutter/bin:/home/zack/gems/bin:/home/zack/flutter/bin:/usr/local/sbin:/usr/local/bin:/usr/sbin:/usr/bin:/sbin:/bin:/usr/games:/usr/local/games:/snap/bin:/home/zack/.pub-cache/bin:/home/zack/.pub-cache/bin:/home/zack/.pub-cache/bin:/home/zack/.pub-cache/bin
10 verbose lifecycle jsonserver@1.0.0~json:server: CWD: /home/zack/Desktop/jsonserver
11 silly lifecycle jsonserver@1.0.0~json:server: Args: [ '-c', 'json-server --watch db.json' ]
12 silly lifecycle jsonserver@1.0.0~json:server: Returned: code: 64  signal: null
13 info lifecycle jsonserver@1.0.0~json:server: Failed to exec json:server script
14 verbose stack Error: jsonserver@1.0.0 json:server: `json-server --watch db.json`
14 verbose stack Exit status 64
14 verbose stack     at EventEmitter.<anonymous> (/usr/share/npm/lib/utils/lifecycle.js:232:16)
14 verbose stack     at emitTwo (events.js:126:13)
14 verbose stack     at EventEmitter.emit (events.js:214:7)
14 verbose stack     at ChildProcess.<anonymous> (/usr/share/npm/lib/utils/spawn.js:24:14)
14 verbose stack     at emitTwo (events.js:126:13)
14 verbose stack     at ChildProcess.emit (events.js:214:7)
14 verbose stack     at maybeClose (internal/child_process.js:925:16)
14 verbose stack     at Process.ChildProcess._handle.onexit (internal/child_process.js:209:5)
15 verbose pkgid jsonserver@1.0.0
16 verbose cwd /home/zack/Desktop/jsonserver
17 error Linux 4.19.5-041905-generic
18 error argv "/usr/bin/node" "/usr/bin/npm" "run" "json:server"
19 error node v8.10.0
20 error npm  v3.5.2
21 error code ELIFECYCLE
22 error jsonserver@1.0.0 json:server: `json-server --watch db.json`
22 error Exit status 64
23 error Failed at the jsonserver@1.0.0 json:server script 'json-server --watch db.json'.
23 error Make sure you have the latest version of node.js and npm installed.
23 error If you do, this is most likely a problem with the jsonserver package,
23 error not with npm itself.
23 error Tell the author that this fails on your system:
23 error     json-server --watch db.json
23 error You can get information on how to open an issue for this project with:
23 error     npm bugs jsonserver
23 error Or if that isn't available, you can get their info via:
23 error     npm owner ls jsonserver
23 error There is likely additional logging output above.
24 verbose exit [ 1, true ]
